# JRE version: OpenJDK Runtime Environment (8.0_282-b08) (build 1.8.0_282-b08)
# Java VM: OpenJDK 64-Bit Server VM (25.282-b08 mixed mode windows-amd64 compressed oops)
Heap:
 PSYoungGen      total 510464K, used 104683K [0x00000000d5580000, 0x00000000fa480000, 0x0000000100000000)
  eden space 455168K, 10% used [0x00000000d5580000,0x00000000d85bc4a0,0x00000000f1200000)
  from space 55296K, 99% used [0x00000000f1200000,0x00000000f47fe9b0,0x00000000f4800000)
  to   space 45056K, 0% used [0x00000000f4800000,0x00000000f4800000,0x00000000f7400000)
 ParOldGen       total 220160K, used 118847K [0x0000000080000000, 0x000000008d700000, 0x00000000d5580000)
  object space 220160K, 53% used [0x0000000080000000,0x000000008740ffc0,0x000000008d700000)
 Metaspace       used 163183K, capacity 172996K, committed 173096K, reserved 1198080K
  class space    used 21733K, capacity 23579K, committed 23592K, reserved 1048576K
GC Heap History (10 events):
Event: 1362.199 GC heap before
{Heap before GC invocations=40 (full 5):
 PSYoungGen      total 491008K, used 445952K [0x00000000d5580000, 0x00000000f6d00000, 0x0000000100000000)
  eden space 445952K, 100% used [0x00000000d5580000,0x00000000f0900000,0x00000000f0900000)
  from space 45056K, 0% used [0x00000000f4100000,0x00000000f4100000,0x00000000f6d00000)
  to   space 51200K, 0% used [0x00000000f0900000,0x00000000f0900000,0x00000000f3b00000)
 ParOldGen       total 220160K, used 88100K [0x0000000080000000, 0x000000008d700000, 0x00000000d5580000)
  object space 220160K, 40% used [0x0000000080000000,0x0000000085609250,0x000000008d700000)
 Metaspace       used 144021K, capacity 151430K, committed 151592K, reserved 1179648K
  class space    used 19227K, capacity 20711K, committed 20776K, reserved 1048576K
Event: 1363.437 GC heap after
Heap after GC invocations=40 (full 5):
 PSYoungGen      total 497152K, used 14638K [0x00000000d5580000, 0x00000000f7e00000, 0x0000000100000000)
  eden space 445952K, 0% used [0x00000000d5580000,0x00000000d5580000,0x00000000f0900000)
  from space 51200K, 28% used [0x00000000f0900000,0x00000000f174bac0,0x00000000f3b00000)
  to   space 48128K, 0% used [0x00000000f4f00000,0x00000000f4f00000,0x00000000f7e00000)
 ParOldGen       total 220160K, used 88108K [0x0000000080000000, 0x000000008d700000, 0x00000000d5580000)
  object space 220160K, 40% used [0x0000000080000000,0x000000008560b250,0x000000008d700000)
 Metaspace       used 144021K, capacity 151430K, committed 151592K, reserved 1179648K
  class space    used 19227K, capacity 20711K, committed 20776K, reserved 1048576K
}
Event: 3255.216 GC heap before
{Heap before GC invocations=41 (full 5):
 PSYoungGen      total 497152K, used 460590K [0x00000000d5580000, 0x00000000f7e00000, 0x0000000100000000)
  eden space 445952K, 100% used [0x00000000d5580000,0x00000000f0900000,0x00000000f0900000)
  from space 51200K, 28% used [0x00000000f0900000,0x00000000f174bac0,0x00000000f3b00000)
  to   space 48128K, 0% used [0x00000000f4f00000,0x00000000f4f00000,0x00000000f7e00000)
 ParOldGen       total 220160K, used 88108K [0x0000000080000000, 0x000000008d700000, 0x00000000d5580000)
  object space 220160K, 40% used [0x0000000080000000,0x000000008560b250,0x000000008d700000)
 Metaspace       used 144789K, capacity 152718K, committed 152872K, reserved 1181696K
  class space    used 19330K, capacity 20917K, committed 21032K, reserved 1048576K
Event: 3255.878 GC heap after
Heap after GC invocations=41 (full 5):
 PSYoungGen      total 503296K, used 16207K [0x00000000d5580000, 0x00000000f7480000, 0x0000000100000000)
  eden space 464896K, 0% used [0x00000000d5580000,0x00000000d5580000,0x00000000f1b80000)
  from space 38400K, 42% used [0x00000000f4f00000,0x00000000f5ed3d18,0x00000000f7480000)
  to   space 45568K, 0% used [0x00000000f1b80000,0x00000000f1b80000,0x00000000f4800000)
 ParOldGen       total 220160K, used 88116K [0x0000000080000000, 0x000000008d700000, 0x00000000d5580000)
  object space 220160K, 40% used [0x0000000080000000,0x000000008560d250,0x000000008d700000)
 Metaspace       used 144789K, capacity 152718K, committed 152872K, reserved 1181696K
  class space    used 19330K, capacity 20917K, committed 21032K, reserved 1048576K
}
Event: 6003.627 GC heap before
{Heap before GC invocations=42 (full 5):
 PSYoungGen      total 503296K, used 481103K [0x00000000d5580000, 0x00000000f7480000, 0x0000000100000000)
  eden space 464896K, 100% used [0x00000000d5580000,0x00000000f1b80000,0x00000000f1b80000)
  from space 38400K, 42% used [0x00000000f4f00000,0x00000000f5ed3d18,0x00000000f7480000)
  to   space 45568K, 0% used [0x00000000f1b80000,0x00000000f1b80000,0x00000000f4800000)
 ParOldGen       total 220160K, used 88116K [0x0000000080000000, 0x000000008d700000, 0x00000000d5580000)
  object space 220160K, 40% used [0x0000000080000000,0x000000008560d250,0x000000008d700000)
 Metaspace       used 149714K, capacity 158050K, committed 158376K, reserved 1185792K
  class space    used 19913K, capacity 21556K, committed 21672K, reserved 1048576K
Event: 6012.050 GC heap after
Heap after GC invocations=42 (full 5):
 PSYoungGen      total 491520K, used 45546K [0x00000000d5580000, 0x00000000f7400000, 0x0000000100000000)
  eden space 445952K, 0% used [0x00000000d5580000,0x00000000d5580000,0x00000000f0900000)
  from space 45568K, 99% used [0x00000000f1b80000,0x00000000f47fa818,0x00000000f4800000)
  to   space 45056K, 0% used [0x00000000f4800000,0x00000000f4800000,0x00000000f7400000)
 ParOldGen       total 220160K, used 93076K [0x0000000080000000, 0x000000008d700000, 0x00000000d5580000)
  object space 220160K, 42% used [0x0000000080000000,0x0000000085ae50e8,0x000000008d700000)
 Metaspace       used 149714K, capacity 158050K, committed 158376K, reserved 1185792K
  class space    used 19913K, capacity 21556K, committed 21672K, reserved 1048576K
}
Event: 6034.516 GC heap before
{Heap before GC invocations=43 (full 5):
 PSYoungGen      total 491520K, used 491498K [0x00000000d5580000, 0x00000000f7400000, 0x0000000100000000)
  eden space 445952K, 100% used [0x00000000d5580000,0x00000000f0900000,0x00000000f0900000)
  from space 45568K, 99% used [0x00000000f1b80000,0x00000000f47fa818,0x00000000f4800000)
  to   space 45056K, 0% used [0x00000000f4800000,0x00000000f4800000,0x00000000f7400000)
 ParOldGen       total 220160K, used 93076K [0x0000000080000000, 0x000000008d700000, 0x00000000d5580000)
  object space 220160K, 42% used [0x0000000080000000,0x0000000085ae50e8,0x000000008d700000)
 Metaspace       used 154948K, capacity 163574K, committed 163624K, reserved 1189888K
  class space    used 20610K, capacity 22278K, committed 22312K, reserved 1048576K
Event: 6036.704 GC heap after
Heap after GC invocations=43 (full 5):
 PSYoungGen      total 500224K, used 30853K [0x00000000d5580000, 0x00000000fa480000, 0x0000000100000000)
  eden space 455168K, 0% used [0x00000000d5580000,0x00000000d5580000,0x00000000f1200000)
  from space 45056K, 68% used [0x00000000f4800000,0x00000000f66217f0,0x00000000f7400000)
  to   space 55296K, 0% used [0x00000000f1200000,0x00000000f1200000,0x00000000f4800000)
 ParOldGen       total 220160K, used 99806K [0x0000000080000000, 0x000000008d700000, 0x00000000d5580000)
  object space 220160K, 45% used [0x0000000080000000,0x00000000861779a8,0x000000008d700000)
 Metaspace       used 154948K, capacity 163574K, committed 163624K, reserved 1189888K
  class space    used 20610K, capacity 22278K, committed 22312K, reserved 1048576K
}
Event: 6046.938 GC heap before
{Heap before GC invocations=44 (full 5):
 PSYoungGen      total 500224K, used 486021K [0x00000000d5580000, 0x00000000fa480000, 0x0000000100000000)
  eden space 455168K, 100% used [0x00000000d5580000,0x00000000f1200000,0x00000000f1200000)
  from space 45056K, 68% used [0x00000000f4800000,0x00000000f66217f0,0x00000000f7400000)
  to   space 55296K, 0% used [0x00000000f1200000,0x00000000f1200000,0x00000000f4800000)
 ParOldGen       total 220160K, used 99806K [0x0000000080000000, 0x000000008d700000, 0x00000000d5580000)
  object space 220160K, 45% used [0x0000000080000000,0x00000000861779a8,0x000000008d700000)
 Metaspace       used 163157K, capacity 172924K, committed 173096K, reserved 1198080K
  class space    used 21733K, capacity 23579K, committed 23592K, reserved 1048576K
Event: 6049.236 GC heap after
Heap after GC invocations=44 (full 5):
 PSYoungGen      total 510464K, used 55290K [0x00000000d5580000, 0x00000000fa480000, 0x0000000100000000)
  eden space 455168K, 0% used [0x00000000d5580000,0x00000000d5580000,0x00000000f1200000)
  from space 55296K, 99% used [0x00000000f1200000,0x00000000f47fe9b0,0x00000000f4800000)
  to   space 45056K, 0% used [0x00000000f4800000,0x00000000f4800000,0x00000000f7400000)
 ParOldGen       total 220160K, used 118847K [0x0000000080000000, 0x000000008d700000, 0x00000000d5580000)
  object space 220160K, 53% used [0x0000000080000000,0x000000008740ffc0,0x000000008d700000)
 Metaspace       used 163157K, capacity 172924K, committed 173096K, reserved 1198080K
  class space    used 21733K, capacity 23579K, committed 23592K, reserved 1048576K
}

