# JRE version: OpenJDK Runtime Environment (8.0_282-b08) (build 1.8.0_282-b08)
# Java VM: OpenJDK 64-Bit Server VM (25.282-b08 mixed mode windows-amd64 compressed oops)
Heap:
 PSYoungGen      total 568320K, used 135896K [0x00000000d5580000, 0x0000000100000000, 0x0000000100000000)
  eden space 499200K, 27% used [0x00000000d5580000,0x00000000dda362b0,0x00000000f3d00000)
  from space 69120K, 0% used [0x00000000f3d00000,0x00000000f3d00000,0x00000000f8080000)
  to   space 101888K, 0% used [0x00000000f9c80000,0x00000000f9c80000,0x0000000100000000)
 ParOldGen       total 322560K, used 164794K [0x0000000080000000, 0x0000000093b00000, 0x00000000d5580000)
  object space 322560K, 51% used [0x0000000080000000,0x000000008a0ee988,0x0000000093b00000)
 Metaspace       used 94939K, capacity 99928K, committed 99968K, reserved 1136640K
  class space    used 12783K, capacity 13688K, committed 13696K, reserved 1048576K
GC Heap History (10 events):
Event: 78.430 GC heap before
{Heap before GC invocations=48 (full 6):
 PSYoungGen      total 497152K, used 454688K [0x00000000d5580000, 0x00000000f8e00000, 0x0000000100000000)
  eden space 447488K, 100% used [0x00000000d5580000,0x00000000f0a80000,0x00000000f0a80000)
  from space 49664K, 14% used [0x00000000f0a80000,0x00000000f1188010,0x00000000f3b00000)
  to   space 48128K, 0% used [0x00000000f5f00000,0x00000000f5f00000,0x00000000f8e00000)
 ParOldGen       total 233472K, used 119636K [0x0000000080000000, 0x000000008e400000, 0x00000000d5580000)
  object space 233472K, 51% used [0x0000000080000000,0x00000000874d52b0,0x000000008e400000)
 Metaspace       used 92758K, capacity 97438K, committed 98048K, reserved 1134592K
  class space    used 12534K, capacity 13377K, committed 13568K, reserved 1048576K
Event: 78.456 GC heap after
Heap after GC invocations=48 (full 6):
 PSYoungGen      total 530944K, used 9344K [0x00000000d5580000, 0x00000000f8a80000, 0x0000000100000000)
  eden space 486400K, 0% used [0x00000000d5580000,0x00000000d5580000,0x00000000f3080000)
  from space 44544K, 20% used [0x00000000f5f00000,0x00000000f6820010,0x00000000f8a80000)
  to   space 46080K, 0% used [0x00000000f3080000,0x00000000f3080000,0x00000000f5d80000)
 ParOldGen       total 233472K, used 119636K [0x0000000080000000, 0x000000008e400000, 0x00000000d5580000)
  object space 233472K, 51% used [0x0000000080000000,0x00000000874d52b0,0x000000008e400000)
 Metaspace       used 92758K, capacity 97438K, committed 98048K, reserved 1134592K
  class space    used 12534K, capacity 13377K, committed 13568K, reserved 1048576K
}
Event: 80.653 GC heap before
{Heap before GC invocations=49 (full 6):
 PSYoungGen      total 530944K, used 495744K [0x00000000d5580000, 0x00000000f8a80000, 0x0000000100000000)
  eden space 486400K, 100% used [0x00000000d5580000,0x00000000f3080000,0x00000000f3080000)
  from space 44544K, 20% used [0x00000000f5f00000,0x00000000f6820010,0x00000000f8a80000)
  to   space 46080K, 0% used [0x00000000f3080000,0x00000000f3080000,0x00000000f5d80000)
 ParOldGen       total 233472K, used 119636K [0x0000000080000000, 0x000000008e400000, 0x00000000d5580000)
  object space 233472K, 51% used [0x0000000080000000,0x00000000874d52b0,0x000000008e400000)
 Metaspace       used 92792K, capacity 97502K, committed 98048K, reserved 1134592K
  class space    used 12535K, capacity 13377K, committed 13568K, reserved 1048576K
Event: 80.674 GC heap after
Heap after GC invocations=49 (full 6):
 PSYoungGen      total 532480K, used 13504K [0x00000000d5580000, 0x00000000fab00000, 0x0000000100000000)
  eden space 486400K, 0% used [0x00000000d5580000,0x00000000d5580000,0x00000000f3080000)
  from space 46080K, 29% used [0x00000000f3080000,0x00000000f3db01a0,0x00000000f5d80000)
  to   space 43520K, 0% used [0x00000000f8080000,0x00000000f8080000,0x00000000fab00000)
 ParOldGen       total 233472K, used 119644K [0x0000000080000000, 0x000000008e400000, 0x00000000d5580000)
  object space 233472K, 51% used [0x0000000080000000,0x00000000874d72b0,0x000000008e400000)
 Metaspace       used 92792K, capacity 97502K, committed 98048K, reserved 1134592K
  class space    used 12535K, capacity 13377K, committed 13568K, reserved 1048576K
}
Event: 85.039 GC heap before
{Heap before GC invocations=50 (full 6):
 PSYoungGen      total 532480K, used 499904K [0x00000000d5580000, 0x00000000fab00000, 0x0000000100000000)
  eden space 486400K, 100% used [0x00000000d5580000,0x00000000f3080000,0x00000000f3080000)
  from space 46080K, 29% used [0x00000000f3080000,0x00000000f3db01a0,0x00000000f5d80000)
  to   space 43520K, 0% used [0x00000000f8080000,0x00000000f8080000,0x00000000fab00000)
 ParOldGen       total 233472K, used 119644K [0x0000000080000000, 0x000000008e400000, 0x00000000d5580000)
  object space 233472K, 51% used [0x0000000080000000,0x00000000874d72b0,0x000000008e400000)
 Metaspace       used 93589K, capacity 98400K, committed 98560K, reserved 1134592K
  class space    used 12619K, capacity 13506K, committed 13568K, reserved 1048576K
Event: 85.147 GC heap after
Heap after GC invocations=50 (full 6):
 PSYoungGen      total 542720K, used 43506K [0x00000000d5580000, 0x00000000fde80000, 0x0000000100000000)
  eden space 499200K, 0% used [0x00000000d5580000,0x00000000d5580000,0x00000000f3d00000)
  from space 43520K, 99% used [0x00000000f8080000,0x00000000faafcad8,0x00000000fab00000)
  to   space 69120K, 0% used [0x00000000f3d00000,0x00000000f3d00000,0x00000000f8080000)
 ParOldGen       total 233472K, used 168145K [0x0000000080000000, 0x000000008e400000, 0x00000000d5580000)
  object space 233472K, 72% used [0x0000000080000000,0x000000008a4347a8,0x000000008e400000)
 Metaspace       used 93589K, capacity 98400K, committed 98560K, reserved 1134592K
  class space    used 12619K, capacity 13506K, committed 13568K, reserved 1048576K
}
Event: 89.285 GC heap before
{Heap before GC invocations=51 (full 6):
 PSYoungGen      total 542720K, used 542706K [0x00000000d5580000, 0x00000000fde80000, 0x0000000100000000)
  eden space 499200K, 100% used [0x00000000d5580000,0x00000000f3d00000,0x00000000f3d00000)
  from space 43520K, 99% used [0x00000000f8080000,0x00000000faafcad8,0x00000000fab00000)
  to   space 69120K, 0% used [0x00000000f3d00000,0x00000000f3d00000,0x00000000f8080000)
 ParOldGen       total 233472K, used 168145K [0x0000000080000000, 0x000000008e400000, 0x00000000d5580000)
  object space 233472K, 72% used [0x0000000080000000,0x000000008a4347a8,0x000000008e400000)
 Metaspace       used 93683K, capacity 98470K, committed 98816K, reserved 1134592K
  class space    used 12620K, capacity 13507K, committed 13568K, reserved 1048576K
Event: 89.604 GC heap after
Heap after GC invocations=51 (full 6):
 PSYoungGen      total 568320K, used 69100K [0x00000000d5580000, 0x0000000100000000, 0x0000000100000000)
  eden space 499200K, 0% used [0x00000000d5580000,0x00000000d5580000,0x00000000f3d00000)
  from space 69120K, 99% used [0x00000000f3d00000,0x00000000f807b048,0x00000000f8080000)
  to   space 101888K, 0% used [0x00000000f9c80000,0x00000000f9c80000,0x0000000100000000)
 ParOldGen       total 233472K, used 224059K [0x0000000080000000, 0x000000008e400000, 0x00000000d5580000)
  object space 233472K, 95% used [0x0000000080000000,0x000000008daceed0,0x000000008e400000)
 Metaspace       used 93683K, capacity 98470K, committed 98816K, reserved 1134592K
  class space    used 12620K, capacity 13507K, committed 13568K, reserved 1048576K
}
Event: 89.604 GC heap before
{Heap before GC invocations=52 (full 7):
 PSYoungGen      total 568320K, used 69100K [0x00000000d5580000, 0x0000000100000000, 0x0000000100000000)
  eden space 499200K, 0% used [0x00000000d5580000,0x00000000d5580000,0x00000000f3d00000)
  from space 69120K, 99% used [0x00000000f3d00000,0x00000000f807b048,0x00000000f8080000)
  to   space 101888K, 0% used [0x00000000f9c80000,0x00000000f9c80000,0x0000000100000000)
 ParOldGen       total 233472K, used 224059K [0x0000000080000000, 0x000000008e400000, 0x00000000d5580000)
  object space 233472K, 95% used [0x0000000080000000,0x000000008daceed0,0x000000008e400000)
 Metaspace       used 93683K, capacity 98470K, committed 98816K, reserved 1134592K
  class space    used 12620K, capacity 13507K, committed 13568K, reserved 1048576K
Event: 91.957 GC heap after
Heap after GC invocations=52 (full 7):
 PSYoungGen      total 568320K, used 0K [0x00000000d5580000, 0x0000000100000000, 0x0000000100000000)
  eden space 499200K, 0% used [0x00000000d5580000,0x00000000d5580000,0x00000000f3d00000)
  from space 69120K, 0% used [0x00000000f3d00000,0x00000000f3d00000,0x00000000f8080000)
  to   space 101888K, 0% used [0x00000000f9c80000,0x00000000f9c80000,0x0000000100000000)
 ParOldGen       total 322560K, used 164794K [0x0000000080000000, 0x0000000093b00000, 0x00000000d5580000)
  object space 322560K, 51% used [0x0000000080000000,0x000000008a0ee988,0x0000000093b00000)
 Metaspace       used 93679K, capacity 98460K, committed 98816K, reserved 1134592K
  class space    used 12618K, capacity 13504K, committed 13568K, reserved 1048576K
}

